[24-Apr-2014 22:09:47 Europe/Berlin] PHP Warning:  file_get_contents(../../config.json) [<a href='0function.file-get-contents0'>function.file-get-contents0</a>]: failed to open stream: No such file or directory in /Applications/MAMP/htdocs/gumbo/includes/db/conn_header.php on line 2
[24-Apr-2014 22:09:47 Europe/Berlin] PHP Notice:  Trying to get property of non-object in /Applications/MAMP/htdocs/gumbo/includes/db/conn_header.php on line 5
[24-Apr-2014 22:09:47 Europe/Berlin] PHP Notice:  Trying to get property of non-object in /Applications/MAMP/htdocs/gumbo/includes/db/conn_header.php on line 6
[24-Apr-2014 22:09:47 Europe/Berlin] PHP Notice:  Trying to get property of non-object in /Applications/MAMP/htdocs/gumbo/includes/db/conn_header.php on line 9
[24-Apr-2014 22:09:47 Europe/Berlin] PHP Notice:  Trying to get property of non-object in /Applications/MAMP/htdocs/gumbo/includes/db/conn_header.php on line 9
[24-Apr-2014 22:09:47 Europe/Berlin] PHP Notice:  Trying to get property of non-object in /Applications/MAMP/htdocs/gumbo/includes/db/conn_header.php on line 9
[24-Apr-2014 22:09:47 Europe/Berlin] PHP Notice:  Trying to get property of non-object in /Applications/MAMP/htdocs/gumbo/includes/db/conn_header.php on line 9
[24-Apr-2014 22:09:47 Europe/Berlin] PHP Warning:  include_once(../er/err_manager.class.php) [<a href='0function.include-once0'>function.include-once0</a>]: failed to open stream: No such file or directory in /Applications/MAMP/htdocs/gumbo/includes/session/session_header.php on line 2
[24-Apr-2014 22:09:47 Europe/Berlin] PHP Warning:  include_once() [<a href='0function.include0'>function.include0</a>]: Failed opening '../er/err_manager.class.php' for inclusion (include_path='.:/Applications/MAMP/bin/php/php5.5.3/lib/php') in /Applications/MAMP/htdocs/gumbo/includes/session/session_header.php on line 2
[24-Apr-2014 22:09:47 Europe/Berlin] PHP Notice:  Trying to get property of non-object in /Applications/MAMP/htdocs/gumbo/gb_header.php on line 16
[24-Apr-2014 22:11:03 Europe/Berlin] PHP Warning:  file_get_contents(../../config.json) [<a href='0function.file-get-contents0'>function.file-get-contents0</a>]: failed to open stream: No such file or directory in /Applications/MAMP/htdocs/gumbo/includes/db/conn_header.php on line 2
[24-Apr-2014 22:11:03 Europe/Berlin] PHP Notice:  Trying to get property of non-object in /Applications/MAMP/htdocs/gumbo/includes/db/conn_header.php on line 5
[24-Apr-2014 22:11:03 Europe/Berlin] PHP Notice:  Trying to get property of non-object in /Applications/MAMP/htdocs/gumbo/includes/db/conn_header.php on line 6
[24-Apr-2014 22:11:03 Europe/Berlin] PHP Notice:  Trying to get property of non-object in /Applications/MAMP/htdocs/gumbo/includes/db/conn_header.php on line 9
[24-Apr-2014 22:11:03 Europe/Berlin] PHP Notice:  Trying to get property of non-object in /Applications/MAMP/htdocs/gumbo/includes/db/conn_header.php on line 9
[24-Apr-2014 22:11:03 Europe/Berlin] PHP Notice:  Trying to get property of non-object in /Applications/MAMP/htdocs/gumbo/includes/db/conn_header.php on line 9
[24-Apr-2014 22:11:03 Europe/Berlin] PHP Notice:  Trying to get property of non-object in /Applications/MAMP/htdocs/gumbo/includes/db/conn_header.php on line 9
[24-Apr-2014 22:11:03 Europe/Berlin] PHP Warning:  include_once(../err/err_manager.class.php) [<a href='0function.include-once0'>function.include-once0</a>]: failed to open stream: No such file or directory in /Applications/MAMP/htdocs/gumbo/includes/session/session_header.php on line 2
[24-Apr-2014 22:11:03 Europe/Berlin] PHP Warning:  include_once() [<a href='0function.include0'>function.include0</a>]: Failed opening '../err/err_manager.class.php' for inclusion (include_path='.:/Applications/MAMP/bin/php/php5.5.3/lib/php') in /Applications/MAMP/htdocs/gumbo/includes/session/session_header.php on line 2
[24-Apr-2014 22:11:03 Europe/Berlin] PHP Notice:  Trying to get property of non-object in /Applications/MAMP/htdocs/gumbo/gb_header.php on line 16
[24-Apr-2014 22:11:11 Europe/Berlin] PHP Warning:  file_get_contents(../../config.json) [<a href='0function.file-get-contents0'>function.file-get-contents0</a>]: failed to open stream: No such file or directory in /Applications/MAMP/htdocs/gumbo/includes/db/conn_header.php on line 2
[24-Apr-2014 22:11:11 Europe/Berlin] PHP Notice:  Trying to get property of non-object in /Applications/MAMP/htdocs/gumbo/includes/db/conn_header.php on line 5
[24-Apr-2014 22:11:11 Europe/Berlin] PHP Notice:  Trying to get property of non-object in /Applications/MAMP/htdocs/gumbo/includes/db/conn_header.php on line 6
[24-Apr-2014 22:11:11 Europe/Berlin] PHP Notice:  Trying to get property of non-object in /Applications/MAMP/htdocs/gumbo/includes/db/conn_header.php on line 9
[24-Apr-2014 22:11:11 Europe/Berlin] PHP Notice:  Trying to get property of non-object in /Applications/MAMP/htdocs/gumbo/includes/db/conn_header.php on line 9
[24-Apr-2014 22:11:11 Europe/Berlin] PHP Notice:  Trying to get property of non-object in /Applications/MAMP/htdocs/gumbo/includes/db/conn_header.php on line 9
[24-Apr-2014 22:11:11 Europe/Berlin] PHP Notice:  Trying to get property of non-object in /Applications/MAMP/htdocs/gumbo/includes/db/conn_header.php on line 9
[24-Apr-2014 22:11:11 Europe/Berlin] PHP Warning:  include_once(..err/err_manager.class.php) [<a href='0function.include-once0'>function.include-once0</a>]: failed to open stream: No such file or directory in /Applications/MAMP/htdocs/gumbo/includes/session/session_header.php on line 2
[24-Apr-2014 22:11:11 Europe/Berlin] PHP Warning:  include_once() [<a href='0function.include0'>function.include0</a>]: Failed opening '..err/err_manager.class.php' for inclusion (include_path='.:/Applications/MAMP/bin/php/php5.5.3/lib/php') in /Applications/MAMP/htdocs/gumbo/includes/session/session_header.php on line 2
[24-Apr-2014 22:11:11 Europe/Berlin] PHP Notice:  Trying to get property of non-object in /Applications/MAMP/htdocs/gumbo/gb_header.php on line 16
[24-Apr-2014 22:11:32 Europe/Berlin] PHP Warning:  file_get_contents(../../config.json) [<a href='0function.file-get-contents0'>function.file-get-contents0</a>]: failed to open stream: No such file or directory in /Applications/MAMP/htdocs/gumbo/includes/db/conn_header.php on line 2
[24-Apr-2014 22:11:32 Europe/Berlin] PHP Notice:  Trying to get property of non-object in /Applications/MAMP/htdocs/gumbo/includes/db/conn_header.php on line 5
[24-Apr-2014 22:11:32 Europe/Berlin] PHP Notice:  Trying to get property of non-object in /Applications/MAMP/htdocs/gumbo/includes/db/conn_header.php on line 6
[24-Apr-2014 22:11:32 Europe/Berlin] PHP Notice:  Trying to get property of non-object in /Applications/MAMP/htdocs/gumbo/includes/db/conn_header.php on line 9
[24-Apr-2014 22:11:32 Europe/Berlin] PHP Notice:  Trying to get property of non-object in /Applications/MAMP/htdocs/gumbo/includes/db/conn_header.php on line 9
[24-Apr-2014 22:11:32 Europe/Berlin] PHP Notice:  Trying to get property of non-object in /Applications/MAMP/htdocs/gumbo/includes/db/conn_header.php on line 9
[24-Apr-2014 22:11:32 Europe/Berlin] PHP Notice:  Trying to get property of non-object in /Applications/MAMP/htdocs/gumbo/includes/db/conn_header.php on line 9
[24-Apr-2014 22:11:32 Europe/Berlin] PHP Warning:  include_once(err/err_manager.class.php) [<a href='0function.include-once0'>function.include-once0</a>]: failed to open stream: No such file or directory in /Applications/MAMP/htdocs/gumbo/includes/session/session_header.php on line 2
[24-Apr-2014 22:11:32 Europe/Berlin] PHP Warning:  include_once() [<a href='0function.include0'>function.include0</a>]: Failed opening 'err/err_manager.class.php' for inclusion (include_path='.:/Applications/MAMP/bin/php/php5.5.3/lib/php') in /Applications/MAMP/htdocs/gumbo/includes/session/session_header.php on line 2
[24-Apr-2014 22:11:32 Europe/Berlin] PHP Notice:  Trying to get property of non-object in /Applications/MAMP/htdocs/gumbo/gb_header.php on line 16
[24-Apr-2014 22:12:08 Europe/Berlin] PHP Warning:  file_get_contents(../../config.json) [<a href='0function.file-get-contents0'>function.file-get-contents0</a>]: failed to open stream: No such file or directory in /Applications/MAMP/htdocs/gumbo/includes/db/conn_header.php on line 2
[24-Apr-2014 22:12:08 Europe/Berlin] PHP Notice:  Trying to get property of non-object in /Applications/MAMP/htdocs/gumbo/includes/db/conn_header.php on line 5
[24-Apr-2014 22:12:08 Europe/Berlin] PHP Notice:  Trying to get property of non-object in /Applications/MAMP/htdocs/gumbo/includes/db/conn_header.php on line 6
[24-Apr-2014 22:12:08 Europe/Berlin] PHP Notice:  Trying to get property of non-object in /Applications/MAMP/htdocs/gumbo/includes/db/conn_header.php on line 9
[24-Apr-2014 22:12:08 Europe/Berlin] PHP Notice:  Trying to get property of non-object in /Applications/MAMP/htdocs/gumbo/includes/db/conn_header.php on line 9
[24-Apr-2014 22:12:08 Europe/Berlin] PHP Notice:  Trying to get property of non-object in /Applications/MAMP/htdocs/gumbo/includes/db/conn_header.php on line 9
[24-Apr-2014 22:12:08 Europe/Berlin] PHP Notice:  Trying to get property of non-object in /Applications/MAMP/htdocs/gumbo/includes/db/conn_header.php on line 9
[24-Apr-2014 22:12:08 Europe/Berlin] PHP Parse error:  syntax error, unexpected 'popMessage' (T_STRING), expecting variable (T_VARIABLE) in /Applications/MAMP/htdocs/gumbo/includes/err/err_manager.class.php on line 4
[24-Apr-2014 22:12:35 Europe/Berlin] PHP Parse error:  syntax error, unexpected 'popMessage' (T_STRING), expecting variable (T_VARIABLE) in /Applications/MAMP/htdocs/gumbo/includes/err/err_manager.class.php on line 4
[24-Apr-2014 22:12:55 Europe/Berlin] PHP Parse error:  syntax error, unexpected ')' in /Applications/MAMP/htdocs/gumbo/includes/err/err_manager.class.php on line 30
[25-Apr-2014 00:53:08 Europe/Berlin] PHP Fatal error:  Call to undefined function popMessage() in /Applications/MAMP/htdocs/gumbo/includes/err/err_manager.class.php on line 30
[25-Apr-2014 00:54:21 Europe/Berlin] PHP Fatal error:  Call to undefined function popMessage() in /Applications/MAMP/htdocs/gumbo/includes/err/err_manager.class.php on line 30
[25-Apr-2014 00:54:49 Europe/Berlin] PHP Notice:  Use of undefined constant this - assumed 'this' in /Applications/MAMP/htdocs/gumbo/includes/err/err_manager.class.php on line 30
[25-Apr-2014 00:54:49 Europe/Berlin] PHP Fatal error:  Call to undefined function popMessage() in /Applications/MAMP/htdocs/gumbo/includes/err/err_manager.class.php on line 30
[25-Apr-2014 00:55:08 Europe/Berlin] PHP Fatal error:  Call to undefined function popMessage() in /Applications/MAMP/htdocs/gumbo/includes/err/err_manager.class.php on line 30
[25-Apr-2014 01:02:46 Europe/Berlin] PHP Fatal error:  Call to undefined function popMessage() in /Applications/MAMP/htdocs/gumbo/includes/err/err_manager.class.php on line 30
[25-Apr-2014 01:04:48 Europe/Berlin] PHP Fatal error:  Call to undefined function popMessage() in /Applications/MAMP/htdocs/gumbo/includes/err/err_manager.class.php on line 7
[25-Apr-2014 01:05:28 Europe/Berlin] PHP Fatal error:  Call to undefined function popMessage() in /Applications/MAMP/htdocs/gumbo/includes/err/err_manager.class.php on line 7
[25-Apr-2014 01:05:34 Europe/Berlin] PHP Fatal error:  Call to undefined function popMessage() in /Applications/MAMP/htdocs/gumbo/includes/err/err_manager.class.php on line 30
[25-Apr-2014 03:23:07 Europe/Berlin] PHP Fatal error:  Call to undefined method err_manager::logMessage() in /Applications/MAMP/htdocs/gumbo/includes/err/err_manager.class.php on line 58
[25-Apr-2014 03:24:48 Europe/Berlin] PHP Warning:  file_put_contents(/includes/err/gb.log) [<a href='0function.file-put-contents0'>function.file-put-contents0</a>]: failed to open stream: No such file or directory in /Applications/MAMP/htdocs/gumbo/includes/err/err_manager.class.php on line 48
[25-Apr-2014 16:29:25 Europe/Berlin] PHP Warning:  mysqli_connect() [<a href='0function.mysqli-connect0'>function.mysqli-connect0</a>]: (42000/1049): Unknown database 'gumbo_db' in /Users/maquilador8/var/www/ficmi_gumbo/includes/db/conn_header.php on line 9
[28-Apr-2014 01:17:15 Europe/Berlin] PHP Fatal error:  Class 'userController' not found in /Applications/MAMP/htdocs/gumbo/includes/session/session_header.php on line 4
[28-Apr-2014 01:18:47 Europe/Berlin] PHP Parse error:  syntax error, unexpected 'registerUser' (T_STRING), expecting variable (T_VARIABLE) in /Applications/MAMP/htdocs/gumbo/includes/session/userController.class.php on line 5
[28-Apr-2014 01:21:27 Europe/Berlin] PHP Parse error:  syntax error, unexpected '__construct' (T_STRING), expecting function (T_FUNCTION) in /Applications/MAMP/htdocs/gumbo/includes/session/userController.class.php on line 5
[28-Apr-2014 01:23:18 Europe/Berlin] PHP Parse error:  syntax error, unexpected 'checkForDuplicates' (T_STRING), expecting variable (T_VARIABLE) in /Applications/MAMP/htdocs/gumbo/includes/session/userController.class.php on line 27
[28-Apr-2014 07:39:53 Europe/Berlin] PHP Fatal error:  Class 'userController' not found in /Applications/MAMP/htdocs/gumbo/includes/session/session_header.php on line 5
[28-Apr-2014 19:02:24 Europe/Berlin] PHP Warning:  include_once(../includes/session/session_header.php) [<a href='0function.include-once0'>function.include-once0</a>]: failed to open stream: No such file or directory in /Users/maquilador8/var/www/ficmi_gumbo/index.php on line 2
[28-Apr-2014 19:02:24 Europe/Berlin] PHP Warning:  include_once() [<a href='0function.include0'>function.include0</a>]: Failed opening '../includes/session/session_header.php' for inclusion (include_path='.:/Applications/MAMP/bin/php/php5.5.3/lib/php') in /Users/maquilador8/var/www/ficmi_gumbo/index.php on line 2
[28-Apr-2014 19:02:24 Europe/Berlin] PHP Notice:  Use of undefined constant ROUTER - assumed 'ROUTER' in /Users/maquilador8/var/www/ficmi_gumbo/index.php on line 3
[28-Apr-2014 19:02:24 Europe/Berlin] PHP Warning:  include_once(ROUTER) [<a href='0function.include-once0'>function.include-once0</a>]: failed to open stream: No such file or directory in /Users/maquilador8/var/www/ficmi_gumbo/index.php on line 3
[28-Apr-2014 19:02:24 Europe/Berlin] PHP Warning:  include_once() [<a href='0function.include0'>function.include0</a>]: Failed opening 'ROUTER' for inclusion (include_path='.:/Applications/MAMP/bin/php/php5.5.3/lib/php') in /Users/maquilador8/var/www/ficmi_gumbo/index.php on line 3
[28-Apr-2014 19:06:13 Europe/Berlin] PHP Warning:  include_once(../includes/session/session_header.php) [<a href='0function.include-once0'>function.include-once0</a>]: failed to open stream: No such file or directory in /Users/maquilador8/var/www/ficmi_gumbo/index.php on line 2
[28-Apr-2014 19:06:13 Europe/Berlin] PHP Warning:  include_once() [<a href='0function.include0'>function.include0</a>]: Failed opening '../includes/session/session_header.php' for inclusion (include_path='.:/Applications/MAMP/bin/php/php5.5.3/lib/php') in /Users/maquilador8/var/www/ficmi_gumbo/index.php on line 2
[28-Apr-2014 19:06:13 Europe/Berlin] PHP Notice:  Use of undefined constant ROUTER - assumed 'ROUTER' in /Users/maquilador8/var/www/ficmi_gumbo/index.php on line 3
[28-Apr-2014 19:06:13 Europe/Berlin] PHP Warning:  include_once(ROUTER) [<a href='0function.include-once0'>function.include-once0</a>]: failed to open stream: No such file or directory in /Users/maquilador8/var/www/ficmi_gumbo/index.php on line 3
[28-Apr-2014 19:06:13 Europe/Berlin] PHP Warning:  include_once() [<a href='0function.include0'>function.include0</a>]: Failed opening 'ROUTER' for inclusion (include_path='.:/Applications/MAMP/bin/php/php5.5.3/lib/php') in /Users/maquilador8/var/www/ficmi_gumbo/index.php on line 3
[28-Apr-2014 19:16:55 Europe/Berlin] PHP Warning:  include_once(../includes/session/session_header.php) [<a href='0function.include-once0'>function.include-once0</a>]: failed to open stream: No such file or directory in /Users/maquilador8/var/www/ficmi_gumbo/index.php on line 2
[28-Apr-2014 19:16:55 Europe/Berlin] PHP Warning:  include_once() [<a href='0function.include0'>function.include0</a>]: Failed opening '../includes/session/session_header.php' for inclusion (include_path='.:/Applications/MAMP/bin/php/php5.5.3/lib/php') in /Users/maquilador8/var/www/ficmi_gumbo/index.php on line 2
[28-Apr-2014 19:16:55 Europe/Berlin] PHP Notice:  Use of undefined constant ROUTER - assumed 'ROUTER' in /Users/maquilador8/var/www/ficmi_gumbo/index.php on line 3
[28-Apr-2014 19:16:55 Europe/Berlin] PHP Warning:  include_once(ROUTER) [<a href='0function.include-once0'>function.include-once0</a>]: failed to open stream: No such file or directory in /Users/maquilador8/var/www/ficmi_gumbo/index.php on line 3
[28-Apr-2014 19:16:55 Europe/Berlin] PHP Warning:  include_once() [<a href='0function.include0'>function.include0</a>]: Failed opening 'ROUTER' for inclusion (include_path='.:/Applications/MAMP/bin/php/php5.5.3/lib/php') in /Users/maquilador8/var/www/ficmi_gumbo/index.php on line 3
[28-Apr-2014 19:17:25 Europe/Berlin] PHP Warning:  include_once(../includes/db/conn_header.php) [<a href='0function.include-once0'>function.include-once0</a>]: failed to open stream: No such file or directory in /Users/maquilador8/var/www/ficmi_gumbo/includes/session/session_header.php on line 2
[28-Apr-2014 19:17:25 Europe/Berlin] PHP Warning:  include_once() [<a href='0function.include0'>function.include0</a>]: Failed opening '../includes/db/conn_header.php' for inclusion (include_path='.:/Applications/MAMP/bin/php/php5.5.3/lib/php') in /Users/maquilador8/var/www/ficmi_gumbo/includes/session/session_header.php on line 2
[28-Apr-2014 19:17:25 Europe/Berlin] PHP Warning:  include_once(../includes/err/err_manager.class.php) [<a href='0function.include-once0'>function.include-once0</a>]: failed to open stream: No such file or directory in /Users/maquilador8/var/www/ficmi_gumbo/includes/session/session_header.php on line 3
[28-Apr-2014 19:17:25 Europe/Berlin] PHP Warning:  include_once() [<a href='0function.include0'>function.include0</a>]: Failed opening '../includes/err/err_manager.class.php' for inclusion (include_path='.:/Applications/MAMP/bin/php/php5.5.3/lib/php') in /Users/maquilador8/var/www/ficmi_gumbo/includes/session/session_header.php on line 3
[28-Apr-2014 19:17:25 Europe/Berlin] PHP Fatal error:  Class 'err_manager' not found in /Users/maquilador8/var/www/ficmi_gumbo/includes/session/session_header.php on line 6
[28-Apr-2014 19:17:47 Europe/Berlin] PHP Warning:  require(../includes/vendor/autoload.php) [<a href='0function.require0'>function.require0</a>]: failed to open stream: No such file or directory in /Users/maquilador8/var/www/ficmi_gumbo/includes/db/conn_header.php on line 2
[28-Apr-2014 19:17:47 Europe/Berlin] PHP Fatal error:  require() [<a href='0function.require0'>function.require0</a>]: Failed opening required '../includes/vendor/autoload.php' (include_path='.:/Applications/MAMP/bin/php/php5.5.3/lib/php') in /Users/maquilador8/var/www/ficmi_gumbo/includes/db/conn_header.php on line 2
[28-Apr-2014 19:17:58 Europe/Berlin] PHP Warning:  file_get_contents(../config.json) [<a href='0function.file-get-contents0'>function.file-get-contents0</a>]: failed to open stream: No such file or directory in /Users/maquilador8/var/www/ficmi_gumbo/includes/db/conn_header.php on line 3
[28-Apr-2014 19:17:58 Europe/Berlin] PHP Notice:  Trying to get property of non-object in /Users/maquilador8/var/www/ficmi_gumbo/includes/db/conn_header.php on line 6
[28-Apr-2014 19:17:58 Europe/Berlin] PHP Notice:  Trying to get property of non-object in /Users/maquilador8/var/www/ficmi_gumbo/includes/db/conn_header.php on line 7
[28-Apr-2014 19:17:58 Europe/Berlin] PHP Notice:  Trying to get property of non-object in /Users/maquilador8/var/www/ficmi_gumbo/includes/db/conn_header.php on line 9
[28-Apr-2014 19:17:58 Europe/Berlin] PHP Notice:  Trying to get property of non-object in /Users/maquilador8/var/www/ficmi_gumbo/includes/db/conn_header.php on line 10
[28-Apr-2014 19:17:58 Europe/Berlin] PHP Notice:  Trying to get property of non-object in /Users/maquilador8/var/www/ficmi_gumbo/includes/db/conn_header.php on line 14
[28-Apr-2014 19:17:58 Europe/Berlin] PHP Notice:  Trying to get property of non-object in /Users/maquilador8/var/www/ficmi_gumbo/includes/db/conn_header.php on line 14
[28-Apr-2014 19:17:58 Europe/Berlin] PHP Notice:  Trying to get property of non-object in /Users/maquilador8/var/www/ficmi_gumbo/includes/db/conn_header.php on line 14
[28-Apr-2014 19:17:58 Europe/Berlin] PHP Notice:  Trying to get property of non-object in /Users/maquilador8/var/www/ficmi_gumbo/includes/db/conn_header.php on line 14
[28-Apr-2014 19:17:58 Europe/Berlin] PHP Warning:  include_once(../includes/routes/routes.php) [<a href='0function.include-once0'>function.include-once0</a>]: failed to open stream: No such file or directory in /Users/maquilador8/var/www/ficmi_gumbo/index.php on line 3
[28-Apr-2014 19:17:58 Europe/Berlin] PHP Warning:  include_once() [<a href='0function.include0'>function.include0</a>]: Failed opening '../includes/routes/routes.php' for inclusion (include_path='.:/Applications/MAMP/bin/php/php5.5.3/lib/php') in /Users/maquilador8/var/www/ficmi_gumbo/index.php on line 3
[28-Apr-2014 19:18:03 Europe/Berlin] PHP Warning:  include_once(../includes/routes/routes.php) [<a href='0function.include-once0'>function.include-once0</a>]: failed to open stream: No such file or directory in /Users/maquilador8/var/www/ficmi_gumbo/index.php on line 3
[28-Apr-2014 19:18:03 Europe/Berlin] PHP Warning:  include_once() [<a href='0function.include0'>function.include0</a>]: Failed opening '../includes/routes/routes.php' for inclusion (include_path='.:/Applications/MAMP/bin/php/php5.5.3/lib/php') in /Users/maquilador8/var/www/ficmi_gumbo/index.php on line 3
[29-Apr-2014 01:14:25 Europe/Berlin] PHP Fatal error:  Call to undefined function checkForDuplicates() in /Users/maquilador8/var/www/ficmi_gumbo/includes/session/userController.class.php on line 12
[29-Apr-2014 01:15:35 Europe/Berlin] PHP Fatal error:  Call to undefined function checkForDuplicates() in /Users/maquilador8/var/www/ficmi_gumbo/includes/session/userController.class.php on line 31
[29-Apr-2014 01:19:36 Europe/Berlin] PHP Parse error:  syntax error, unexpected 'global' (T_GLOBAL), expecting function (T_FUNCTION) in /Users/maquilador8/var/www/ficmi_gumbo/includes/session/userController.class.php on line 7
[29-Apr-2014 06:23:34 Europe/Berlin] PHP Fatal error:  Call to a member function logError() on a non-object in /Applications/MAMP/htdocs/ficmi_gumbo/includes/session/userController.class.php on line 37
[29-Apr-2014 06:27:24 Europe/Berlin] PHP Fatal error:  Call to a member function logError() on a non-object in /Applications/MAMP/htdocs/ficmi_gumbo/includes/session/userController.class.php on line 37
[29-Apr-2014 06:27:30 Europe/Berlin] PHP Fatal error:  Call to a member function logError() on a non-object in /Applications/MAMP/htdocs/ficmi_gumbo/includes/session/userController.class.php on line 37
[29-Apr-2014 06:27:33 Europe/Berlin] PHP Fatal error:  Call to a member function logError() on a non-object in /Applications/MAMP/htdocs/ficmi_gumbo/includes/session/userController.class.php on line 37
[29-Apr-2014 19:05:59 Europe/Berlin] PHP Notice:  Trying to get property of non-object in /Users/maquilador8/var/www/ficmi_gumbo/includes/db/conn_header.php on line 6
[29-Apr-2014 19:05:59 Europe/Berlin] PHP Notice:  Trying to get property of non-object in /Users/maquilador8/var/www/ficmi_gumbo/includes/db/conn_header.php on line 7
[29-Apr-2014 19:05:59 Europe/Berlin] PHP Notice:  Trying to get property of non-object in /Users/maquilador8/var/www/ficmi_gumbo/includes/db/conn_header.php on line 8
[29-Apr-2014 19:05:59 Europe/Berlin] PHP Notice:  Trying to get property of non-object in /Users/maquilador8/var/www/ficmi_gumbo/includes/db/conn_header.php on line 11
[29-Apr-2014 19:05:59 Europe/Berlin] PHP Notice:  Trying to get property of non-object in /Users/maquilador8/var/www/ficmi_gumbo/includes/db/conn_header.php on line 12
[29-Apr-2014 19:05:59 Europe/Berlin] PHP Notice:  Trying to get property of non-object in /Users/maquilador8/var/www/ficmi_gumbo/includes/db/conn_header.php on line 14
[29-Apr-2014 19:05:59 Europe/Berlin] PHP Notice:  Trying to get property of non-object in /Users/maquilador8/var/www/ficmi_gumbo/includes/db/conn_header.php on line 17
[29-Apr-2014 19:05:59 Europe/Berlin] PHP Notice:  Trying to get property of non-object in /Users/maquilador8/var/www/ficmi_gumbo/includes/db/conn_header.php on line 21
[29-Apr-2014 19:05:59 Europe/Berlin] PHP Notice:  Trying to get property of non-object in /Users/maquilador8/var/www/ficmi_gumbo/includes/db/conn_header.php on line 21
[29-Apr-2014 19:05:59 Europe/Berlin] PHP Notice:  Trying to get property of non-object in /Users/maquilador8/var/www/ficmi_gumbo/includes/db/conn_header.php on line 21
[29-Apr-2014 19:05:59 Europe/Berlin] PHP Notice:  Trying to get property of non-object in /Users/maquilador8/var/www/ficmi_gumbo/includes/db/conn_header.php on line 21
[29-Apr-2014 19:05:59 Europe/Berlin] PHP Parse error:  syntax error, unexpected end of file, expecting function (T_FUNCTION) in /Users/maquilador8/var/www/ficmi_gumbo/includes/session/userController.class.php on line 193
[29-Apr-2014 19:47:43 Europe/Berlin] PHP Notice:  Trying to get property of non-object in /Users/maquilador8/var/www/ficmi_gumbo/includes/db/conn_header.php on line 6
[29-Apr-2014 19:47:43 Europe/Berlin] PHP Notice:  Trying to get property of non-object in /Users/maquilador8/var/www/ficmi_gumbo/includes/db/conn_header.php on line 7
[29-Apr-2014 19:47:43 Europe/Berlin] PHP Notice:  Trying to get property of non-object in /Users/maquilador8/var/www/ficmi_gumbo/includes/db/conn_header.php on line 8
[29-Apr-2014 19:47:43 Europe/Berlin] PHP Notice:  Trying to get property of non-object in /Users/maquilador8/var/www/ficmi_gumbo/includes/db/conn_header.php on line 11
[29-Apr-2014 19:47:43 Europe/Berlin] PHP Notice:  Trying to get property of non-object in /Users/maquilador8/var/www/ficmi_gumbo/includes/db/conn_header.php on line 12
[29-Apr-2014 19:47:43 Europe/Berlin] PHP Notice:  Trying to get property of non-object in /Users/maquilador8/var/www/ficmi_gumbo/includes/db/conn_header.php on line 14
[29-Apr-2014 19:47:43 Europe/Berlin] PHP Notice:  Trying to get property of non-object in /Users/maquilador8/var/www/ficmi_gumbo/includes/db/conn_header.php on line 17
[29-Apr-2014 19:47:43 Europe/Berlin] PHP Notice:  Trying to get property of non-object in /Users/maquilador8/var/www/ficmi_gumbo/includes/db/conn_header.php on line 21
[29-Apr-2014 19:47:43 Europe/Berlin] PHP Notice:  Trying to get property of non-object in /Users/maquilador8/var/www/ficmi_gumbo/includes/db/conn_header.php on line 21
[29-Apr-2014 19:47:43 Europe/Berlin] PHP Notice:  Trying to get property of non-object in /Users/maquilador8/var/www/ficmi_gumbo/includes/db/conn_header.php on line 21
[29-Apr-2014 19:47:43 Europe/Berlin] PHP Notice:  Trying to get property of non-object in /Users/maquilador8/var/www/ficmi_gumbo/includes/db/conn_header.php on line 21
[29-Apr-2014 19:49:11 Europe/Berlin] PHP Notice:  Trying to get property of non-object in /Users/maquilador8/var/www/ficmi_gumbo/includes/db/conn_header.php on line 6
[29-Apr-2014 19:49:11 Europe/Berlin] PHP Notice:  Trying to get property of non-object in /Users/maquilador8/var/www/ficmi_gumbo/includes/db/conn_header.php on line 7
[29-Apr-2014 19:49:11 Europe/Berlin] PHP Notice:  Trying to get property of non-object in /Users/maquilador8/var/www/ficmi_gumbo/includes/db/conn_header.php on line 8
[29-Apr-2014 19:49:11 Europe/Berlin] PHP Notice:  Trying to get property of non-object in /Users/maquilador8/var/www/ficmi_gumbo/includes/db/conn_header.php on line 11
[29-Apr-2014 19:49:11 Europe/Berlin] PHP Notice:  Trying to get property of non-object in /Users/maquilador8/var/www/ficmi_gumbo/includes/db/conn_header.php on line 12
[29-Apr-2014 19:49:11 Europe/Berlin] PHP Notice:  Trying to get property of non-object in /Users/maquilador8/var/www/ficmi_gumbo/includes/db/conn_header.php on line 14
[29-Apr-2014 19:49:11 Europe/Berlin] PHP Notice:  Trying to get property of non-object in /Users/maquilador8/var/www/ficmi_gumbo/includes/db/conn_header.php on line 17
[29-Apr-2014 19:49:11 Europe/Berlin] PHP Notice:  Trying to get property of non-object in /Users/maquilador8/var/www/ficmi_gumbo/includes/db/conn_header.php on line 21
[29-Apr-2014 19:49:11 Europe/Berlin] PHP Notice:  Trying to get property of non-object in /Users/maquilador8/var/www/ficmi_gumbo/includes/db/conn_header.php on line 21
[29-Apr-2014 19:49:11 Europe/Berlin] PHP Notice:  Trying to get property of non-object in /Users/maquilador8/var/www/ficmi_gumbo/includes/db/conn_header.php on line 21
[29-Apr-2014 19:49:11 Europe/Berlin] PHP Notice:  Trying to get property of non-object in /Users/maquilador8/var/www/ficmi_gumbo/includes/db/conn_header.php on line 21
[29-Apr-2014 19:49:13 Europe/Berlin] PHP Notice:  Trying to get property of non-object in /Users/maquilador8/var/www/ficmi_gumbo/includes/db/conn_header.php on line 6
[29-Apr-2014 19:49:13 Europe/Berlin] PHP Notice:  Trying to get property of non-object in /Users/maquilador8/var/www/ficmi_gumbo/includes/db/conn_header.php on line 7
[29-Apr-2014 19:49:13 Europe/Berlin] PHP Notice:  Trying to get property of non-object in /Users/maquilador8/var/www/ficmi_gumbo/includes/db/conn_header.php on line 8
[29-Apr-2014 19:49:13 Europe/Berlin] PHP Notice:  Trying to get property of non-object in /Users/maquilador8/var/www/ficmi_gumbo/includes/db/conn_header.php on line 11
[29-Apr-2014 19:49:13 Europe/Berlin] PHP Notice:  Trying to get property of non-object in /Users/maquilador8/var/www/ficmi_gumbo/includes/db/conn_header.php on line 12
[29-Apr-2014 19:49:13 Europe/Berlin] PHP Notice:  Trying to get property of non-object in /Users/maquilador8/var/www/ficmi_gumbo/includes/db/conn_header.php on line 14
[29-Apr-2014 19:49:13 Europe/Berlin] PHP Notice:  Trying to get property of non-object in /Users/maquilador8/var/www/ficmi_gumbo/includes/db/conn_header.php on line 17
[29-Apr-2014 19:49:13 Europe/Berlin] PHP Notice:  Trying to get property of non-object in /Users/maquilador8/var/www/ficmi_gumbo/includes/db/conn_header.php on line 21
[29-Apr-2014 19:49:13 Europe/Berlin] PHP Notice:  Trying to get property of non-object in /Users/maquilador8/var/www/ficmi_gumbo/includes/db/conn_header.php on line 21
[29-Apr-2014 19:49:13 Europe/Berlin] PHP Notice:  Trying to get property of non-object in /Users/maquilador8/var/www/ficmi_gumbo/includes/db/conn_header.php on line 21
[29-Apr-2014 19:49:13 Europe/Berlin] PHP Notice:  Trying to get property of non-object in /Users/maquilador8/var/www/ficmi_gumbo/includes/db/conn_header.php on line 21
[29-Apr-2014 19:49:16 Europe/Berlin] PHP Notice:  Trying to get property of non-object in /Users/maquilador8/var/www/ficmi_gumbo/includes/db/conn_header.php on line 6
[29-Apr-2014 19:49:16 Europe/Berlin] PHP Notice:  Trying to get property of non-object in /Users/maquilador8/var/www/ficmi_gumbo/includes/db/conn_header.php on line 7
[29-Apr-2014 19:49:16 Europe/Berlin] PHP Notice:  Trying to get property of non-object in /Users/maquilador8/var/www/ficmi_gumbo/includes/db/conn_header.php on line 8
[29-Apr-2014 19:49:16 Europe/Berlin] PHP Notice:  Trying to get property of non-object in /Users/maquilador8/var/www/ficmi_gumbo/includes/db/conn_header.php on line 11
[29-Apr-2014 19:49:16 Europe/Berlin] PHP Notice:  Trying to get property of non-object in /Users/maquilador8/var/www/ficmi_gumbo/includes/db/conn_header.php on line 12
[29-Apr-2014 19:49:16 Europe/Berlin] PHP Notice:  Trying to get property of non-object in /Users/maquilador8/var/www/ficmi_gumbo/includes/db/conn_header.php on line 14
[29-Apr-2014 19:49:16 Europe/Berlin] PHP Notice:  Trying to get property of non-object in /Users/maquilador8/var/www/ficmi_gumbo/includes/db/conn_header.php on line 17
[29-Apr-2014 19:49:16 Europe/Berlin] PHP Notice:  Trying to get property of non-object in /Users/maquilador8/var/www/ficmi_gumbo/includes/db/conn_header.php on line 21
[29-Apr-2014 19:49:16 Europe/Berlin] PHP Notice:  Trying to get property of non-object in /Users/maquilador8/var/www/ficmi_gumbo/includes/db/conn_header.php on line 21
[29-Apr-2014 19:49:16 Europe/Berlin] PHP Notice:  Trying to get property of non-object in /Users/maquilador8/var/www/ficmi_gumbo/includes/db/conn_header.php on line 21
[29-Apr-2014 19:49:16 Europe/Berlin] PHP Notice:  Trying to get property of non-object in /Users/maquilador8/var/www/ficmi_gumbo/includes/db/conn_header.php on line 21
[29-Apr-2014 19:49:16 Europe/Berlin] PHP Notice:  Trying to get property of non-object in /Users/maquilador8/var/www/ficmi_gumbo/includes/db/conn_header.php on line 6
[29-Apr-2014 19:49:16 Europe/Berlin] PHP Notice:  Trying to get property of non-object in /Users/maquilador8/var/www/ficmi_gumbo/includes/db/conn_header.php on line 7
[29-Apr-2014 19:49:16 Europe/Berlin] PHP Notice:  Trying to get property of non-object in /Users/maquilador8/var/www/ficmi_gumbo/includes/db/conn_header.php on line 8
[29-Apr-2014 19:49:16 Europe/Berlin] PHP Notice:  Trying to get property of non-object in /Users/maquilador8/var/www/ficmi_gumbo/includes/db/conn_header.php on line 11
[29-Apr-2014 19:49:16 Europe/Berlin] PHP Notice:  Trying to get property of non-object in /Users/maquilador8/var/www/ficmi_gumbo/includes/db/conn_header.php on line 12
[29-Apr-2014 19:49:16 Europe/Berlin] PHP Notice:  Trying to get property of non-object in /Users/maquilador8/var/www/ficmi_gumbo/includes/db/conn_header.php on line 14
[29-Apr-2014 19:49:16 Europe/Berlin] PHP Notice:  Trying to get property of non-object in /Users/maquilador8/var/www/ficmi_gumbo/includes/db/conn_header.php on line 17
[29-Apr-2014 19:49:16 Europe/Berlin] PHP Notice:  Trying to get property of non-object in /Users/maquilador8/var/www/ficmi_gumbo/includes/db/conn_header.php on line 21
[29-Apr-2014 19:49:16 Europe/Berlin] PHP Notice:  Trying to get property of non-object in /Users/maquilador8/var/www/ficmi_gumbo/includes/db/conn_header.php on line 21
[29-Apr-2014 19:49:16 Europe/Berlin] PHP Notice:  Trying to get property of non-object in /Users/maquilador8/var/www/ficmi_gumbo/includes/db/conn_header.php on line 21
[29-Apr-2014 19:49:16 Europe/Berlin] PHP Notice:  Trying to get property of non-object in /Users/maquilador8/var/www/ficmi_gumbo/includes/db/conn_header.php on line 21
[29-Apr-2014 19:50:21 Europe/Berlin] PHP Notice:  Trying to get property of non-object in /Users/maquilador8/var/www/ficmi_gumbo/includes/db/conn_header.php on line 6
[29-Apr-2014 19:50:21 Europe/Berlin] PHP Notice:  Trying to get property of non-object in /Users/maquilador8/var/www/ficmi_gumbo/includes/db/conn_header.php on line 7
[29-Apr-2014 19:50:21 Europe/Berlin] PHP Notice:  Trying to get property of non-object in /Users/maquilador8/var/www/ficmi_gumbo/includes/db/conn_header.php on line 8
[29-Apr-2014 19:50:21 Europe/Berlin] PHP Notice:  Trying to get property of non-object in /Users/maquilador8/var/www/ficmi_gumbo/includes/db/conn_header.php on line 11
[29-Apr-2014 19:50:21 Europe/Berlin] PHP Notice:  Trying to get property of non-object in /Users/maquilador8/var/www/ficmi_gumbo/includes/db/conn_header.php on line 12
[29-Apr-2014 19:50:21 Europe/Berlin] PHP Notice:  Trying to get property of non-object in /Users/maquilador8/var/www/ficmi_gumbo/includes/db/conn_header.php on line 14
[29-Apr-2014 19:50:21 Europe/Berlin] PHP Notice:  Trying to get property of non-object in /Users/maquilador8/var/www/ficmi_gumbo/includes/db/conn_header.php on line 17
[29-Apr-2014 19:50:21 Europe/Berlin] PHP Notice:  Trying to get property of non-object in /Users/maquilador8/var/www/ficmi_gumbo/includes/db/conn_header.php on line 21
[29-Apr-2014 19:50:21 Europe/Berlin] PHP Notice:  Trying to get property of non-object in /Users/maquilador8/var/www/ficmi_gumbo/includes/db/conn_header.php on line 21
[29-Apr-2014 19:50:21 Europe/Berlin] PHP Notice:  Trying to get property of non-object in /Users/maquilador8/var/www/ficmi_gumbo/includes/db/conn_header.php on line 21
[29-Apr-2014 19:50:21 Europe/Berlin] PHP Notice:  Trying to get property of non-object in /Users/maquilador8/var/www/ficmi_gumbo/includes/db/conn_header.php on line 21
[29-Apr-2014 19:50:40 Europe/Berlin] PHP Notice:  Trying to get property of non-object in /Users/maquilador8/var/www/ficmi_gumbo/includes/db/conn_header.php on line 6
[29-Apr-2014 19:50:40 Europe/Berlin] PHP Notice:  Trying to get property of non-object in /Users/maquilador8/var/www/ficmi_gumbo/includes/db/conn_header.php on line 7
[29-Apr-2014 19:50:40 Europe/Berlin] PHP Notice:  Trying to get property of non-object in /Users/maquilador8/var/www/ficmi_gumbo/includes/db/conn_header.php on line 8
[29-Apr-2014 19:50:40 Europe/Berlin] PHP Notice:  Trying to get property of non-object in /Users/maquilador8/var/www/ficmi_gumbo/includes/db/conn_header.php on line 11
[29-Apr-2014 19:50:40 Europe/Berlin] PHP Notice:  Trying to get property of non-object in /Users/maquilador8/var/www/ficmi_gumbo/includes/db/conn_header.php on line 12
[29-Apr-2014 19:50:40 Europe/Berlin] PHP Notice:  Trying to get property of non-object in /Users/maquilador8/var/www/ficmi_gumbo/includes/db/conn_header.php on line 14
[29-Apr-2014 19:50:40 Europe/Berlin] PHP Notice:  Trying to get property of non-object in /Users/maquilador8/var/www/ficmi_gumbo/includes/db/conn_header.php on line 17
[29-Apr-2014 19:50:40 Europe/Berlin] PHP Notice:  Trying to get property of non-object in /Users/maquilador8/var/www/ficmi_gumbo/includes/db/conn_header.php on line 21
[29-Apr-2014 19:50:40 Europe/Berlin] PHP Notice:  Trying to get property of non-object in /Users/maquilador8/var/www/ficmi_gumbo/includes/db/conn_header.php on line 21
[29-Apr-2014 19:50:40 Europe/Berlin] PHP Notice:  Trying to get property of non-object in /Users/maquilador8/var/www/ficmi_gumbo/includes/db/conn_header.php on line 21
[29-Apr-2014 19:50:40 Europe/Berlin] PHP Notice:  Trying to get property of non-object in /Users/maquilador8/var/www/ficmi_gumbo/includes/db/conn_header.php on line 21
[29-Apr-2014 19:50:43 Europe/Berlin] PHP Notice:  Trying to get property of non-object in /Users/maquilador8/var/www/ficmi_gumbo/includes/db/conn_header.php on line 6
[29-Apr-2014 19:50:43 Europe/Berlin] PHP Notice:  Trying to get property of non-object in /Users/maquilador8/var/www/ficmi_gumbo/includes/db/conn_header.php on line 7
[29-Apr-2014 19:50:43 Europe/Berlin] PHP Notice:  Trying to get property of non-object in /Users/maquilador8/var/www/ficmi_gumbo/includes/db/conn_header.php on line 8
[29-Apr-2014 19:50:43 Europe/Berlin] PHP Notice:  Trying to get property of non-object in /Users/maquilador8/var/www/ficmi_gumbo/includes/db/conn_header.php on line 11
[29-Apr-2014 19:50:43 Europe/Berlin] PHP Notice:  Trying to get property of non-object in /Users/maquilador8/var/www/ficmi_gumbo/includes/db/conn_header.php on line 12
[29-Apr-2014 19:50:43 Europe/Berlin] PHP Notice:  Trying to get property of non-object in /Users/maquilador8/var/www/ficmi_gumbo/includes/db/conn_header.php on line 14
[29-Apr-2014 19:50:43 Europe/Berlin] PHP Notice:  Trying to get property of non-object in /Users/maquilador8/var/www/ficmi_gumbo/includes/db/conn_header.php on line 17
[29-Apr-2014 19:50:43 Europe/Berlin] PHP Notice:  Trying to get property of non-object in /Users/maquilador8/var/www/ficmi_gumbo/includes/db/conn_header.php on line 21
[29-Apr-2014 19:50:43 Europe/Berlin] PHP Notice:  Trying to get property of non-object in /Users/maquilador8/var/www/ficmi_gumbo/includes/db/conn_header.php on line 21
[29-Apr-2014 19:50:43 Europe/Berlin] PHP Notice:  Trying to get property of non-object in /Users/maquilador8/var/www/ficmi_gumbo/includes/db/conn_header.php on line 21
[29-Apr-2014 19:50:43 Europe/Berlin] PHP Notice:  Trying to get property of non-object in /Users/maquilador8/var/www/ficmi_gumbo/includes/db/conn_header.php on line 21
[29-Apr-2014 19:51:09 Europe/Berlin] PHP Notice:  Undefined property: stdClass::$site_info in /Users/maquilador8/var/www/ficmi_gumbo/includes/db/conn_header.php on line 7
[29-Apr-2014 19:51:09 Europe/Berlin] PHP Notice:  Trying to get property of non-object in /Users/maquilador8/var/www/ficmi_gumbo/includes/db/conn_header.php on line 11
[29-Apr-2014 19:51:09 Europe/Berlin] PHP Notice:  Trying to get property of non-object in /Users/maquilador8/var/www/ficmi_gumbo/includes/db/conn_header.php on line 12
[29-Apr-2014 19:51:09 Europe/Berlin] PHP Notice:  Trying to get property of non-object in /Users/maquilador8/var/www/ficmi_gumbo/includes/db/conn_header.php on line 14
[29-Apr-2014 20:08:23 Europe/Berlin] PHP Fatal error:  Call to undefined function sec_session_start() in /Users/maquilador8/var/www/ficmi_gumbo/view/dashboard.php on line 5
[29-Apr-2014 20:09:50 Europe/Berlin] PHP Parse error:  syntax error, unexpected 'static' (T_STATIC), expecting '(' in /Users/maquilador8/var/www/ficmi_gumbo/includes/session/core_session.php on line 33
[29-Apr-2014 20:13:25 Europe/Berlin] PHP Parse error:  syntax error, unexpected 'global' (T_GLOBAL), expecting function (T_FUNCTION) in /Users/maquilador8/var/www/ficmi_gumbo/includes/session/userController.class.php on line 8
[29-Apr-2014 20:13:57 Europe/Berlin] PHP Fatal error:  Call to undefined function sec_session_start() in /Users/maquilador8/var/www/ficmi_gumbo/view/dashboard.php on line 5
[29-Apr-2014 20:15:58 Europe/Berlin] PHP Fatal error:  Call to undefined function login_check() in /Users/maquilador8/var/www/ficmi_gumbo/view/dashboard.php on line 6
[29-Apr-2014 20:16:51 Europe/Berlin] PHP Fatal error:  Call to undefined method userController::login_check() in /Users/maquilador8/var/www/ficmi_gumbo/view/dashboard.php on line 6
[29-Apr-2014 20:18:56 Europe/Berlin] PHP Fatal error:  Call to undefined method userController::login_check() in /Users/maquilador8/var/www/ficmi_gumbo/view/dashboard.php on line 6
[29-Apr-2014 20:18:58 Europe/Berlin] PHP Fatal error:  Call to undefined method userController::login_check() in /Users/maquilador8/var/www/ficmi_gumbo/view/dashboard.php on line 6
[29-Apr-2014 20:18:59 Europe/Berlin] PHP Fatal error:  Call to undefined method userController::login_check() in /Users/maquilador8/var/www/ficmi_gumbo/view/dashboard.php on line 6
[29-Apr-2014 20:18:59 Europe/Berlin] PHP Fatal error:  Call to undefined method userController::login_check() in /Users/maquilador8/var/www/ficmi_gumbo/view/dashboard.php on line 6
[29-Apr-2014 20:18:59 Europe/Berlin] PHP Fatal error:  Call to undefined method userController::login_check() in /Users/maquilador8/var/www/ficmi_gumbo/view/dashboard.php on line 6
[29-Apr-2014 20:18:59 Europe/Berlin] PHP Fatal error:  Call to undefined method userController::login_check() in /Users/maquilador8/var/www/ficmi_gumbo/view/dashboard.php on line 6
[29-Apr-2014 20:23:05 Europe/Berlin] PHP Parse error:  syntax error, unexpected '__construct' (T_STRING), expecting function (T_FUNCTION) in /Users/maquilador8/var/www/ficmi_gumbo/includes/session/userController.class.php on line 12
[29-Apr-2014 20:23:13 Europe/Berlin] PHP Warning:  Missing argument 1 for userController::__construct(), called in /Users/maquilador8/var/www/ficmi_gumbo/includes/session/session_header.php on line 9 and defined in /Users/maquilador8/var/www/ficmi_gumbo/includes/session/userController.class.php on line 12
[29-Apr-2014 20:23:13 Europe/Berlin] PHP Warning:  Missing argument 2 for userController::__construct(), called in /Users/maquilador8/var/www/ficmi_gumbo/includes/session/session_header.php on line 9 and defined in /Users/maquilador8/var/www/ficmi_gumbo/includes/session/userController.class.php on line 12
[29-Apr-2014 20:23:13 Europe/Berlin] PHP Notice:  Undefined variable: mysqli in /Users/maquilador8/var/www/ficmi_gumbo/includes/session/userController.class.php on line 13
[29-Apr-2014 20:23:13 Europe/Berlin] PHP Notice:  Undefined variable: error_handler in /Users/maquilador8/var/www/ficmi_gumbo/includes/session/userController.class.php on line 14
[30-Apr-2014 00:04:46 Europe/Berlin] PHP Fatal error:  Call to undefined function populateTable() in /Users/maquilador8/var/www/ficmi_gumbo/view/contactos.php on line 22
[30-Apr-2014 00:32:03 Europe/Berlin] PHP Fatal error:  Call to undefined method mysqli_stmt::fetch_assoc() in /Users/maquilador8/var/www/ficmi_gumbo/includes/tables/tableController.class.php on line 18
[30-Apr-2014 00:33:10 Europe/Berlin] PHP Fatal error:  Call to undefined method mysqli_stmt::get_result() in /Users/maquilador8/var/www/ficmi_gumbo/includes/tables/tableController.class.php on line 18
[30-Apr-2014 00:40:46 Europe/Berlin] PHP Fatal error:  Call to undefined method mysqli_stmt::fetch_row() in /Users/maquilador8/var/www/ficmi_gumbo/includes/tables/tableController.class.php on line 18
[30-Apr-2014 00:42:29 Europe/Berlin] PHP Fatal error:  Call to undefined method mysqli_stmt::fetch_assoc() in /Users/maquilador8/var/www/ficmi_gumbo/includes/tables/tableController.class.php on line 18
[30-Apr-2014 00:51:18 Europe/Berlin] PHP Fatal error:  Call to undefined method mysqli_stmt::get_result() in /Users/maquilador8/var/www/ficmi_gumbo/includes/tables/tableController.class.php on line 18
[30-Apr-2014 07:27:45 Europe/Berlin] PHP Fatal error:  Call to undefined method PDOStatement::bind_param() in /Applications/MAMP/htdocs/ficmi_gumbo/includes/tables/tableController.class.php on line 16
[30-Apr-2014 07:28:26 Europe/Berlin] PHP Fatal error:  Call to undefined method PDOStatement::bind_param() in /Applications/MAMP/htdocs/ficmi_gumbo/includes/session/userController.class.php on line 29
[30-Apr-2014 07:52:16 Europe/Berlin] PHP Fatal error:  Call to undefined method PDOStatement::bind_param() in /Applications/MAMP/htdocs/ficmi_gumbo/includes/tables/tableController.class.php on line 16
[30-Apr-2014 08:00:45 Europe/Berlin] PHP Parse error:  syntax error, unexpected '$stmt' (T_VARIABLE) in /Applications/MAMP/htdocs/ficmi_gumbo/includes/session/userController.class.php on line 100
[30-Apr-2014 08:01:43 Europe/Berlin] PHP Fatal error:  Call to undefined method PDOStatement::bind_param() in /Applications/MAMP/htdocs/ficmi_gumbo/includes/tables/tableController.class.php on line 16
[30-Apr-2014 08:09:30 Europe/Berlin] PHP Parse error:  syntax error, unexpected 'else' (T_ELSE), expecting function (T_FUNCTION) in /Applications/MAMP/htdocs/ficmi_gumbo/includes/tables/tableController.class.php on line 33
[30-Apr-2014 08:10:23 Europe/Berlin] PHP Parse error:  syntax error, unexpected 'else' (T_ELSE) in /Applications/MAMP/htdocs/ficmi_gumbo/includes/tables/tableController.class.php on line 33
[30-Apr-2014 08:53:37 Europe/Berlin] PHP Warning:  Uncaught exception 'ErrorException' with message 'Object of class stdClass could not be converted to string' in /Applications/MAMP/htdocs/ficmi_gumbo/view/contactos.php:23
Stack trace:
#0 [internal function]: Slim\Slim::handleErrors(4096, 'Object of class...', '/Applications/M...', 23, Array)
#1 /Applications/MAMP/htdocs/ficmi_gumbo/view/contactos.php(23): array_diff(Array, Array)
#2 /Applications/MAMP/htdocs/ficmi_gumbo/includes/routes/routes.php(34): include('/Applications/M...')
#3 [internal function]: {closure}()
#4 /Applications/MAMP/htdocs/ficmi_gumbo/includes/vendor/slim/slim/Slim/Route.php(462): call_user_func_array(Object(Closure), Array)
#5 /Applications/MAMP/htdocs/ficmi_gumbo/includes/vendor/slim/slim/Slim/Slim.php(1326): Slim\Route->dispatch()
#6 /Applications/MAMP/htdocs/ficmi_gumbo/includes/vendor/slim/slim/Slim/Middleware/Flash.php(85): Slim\Slim->call()
#7 /Applications/MAMP/htdocs/ficmi_gumbo/includes/vendor/slim/slim/Slim/Middleware/MethodOverride.php(92): Slim\Middleware\Flash->call()
#8 / in /Applications/MAMP/htdocs/ficmi_gumbo/view/contactos.php on line 23
[30-Apr-2014 08:53:37 Europe/Berlin] PHP Fatal error:  Object of class stdClass could not be converted to string in /Applications/MAMP/htdocs/ficmi_gumbo/view/contactos.php on line 23
[30-Apr-2014 17:04:50 Europe/Berlin] PHP Parse error:  syntax error, unexpected '">"' (T_CONSTANT_ENCAPSED_STRING), expecting ',' or ';' in /Users/maquilador8/var/www/ficmi_gumbo/view/contactos.php on line 44
[30-Apr-2014 18:33:09 Europe/Berlin] PHP Parse error:  syntax error, unexpected '__construct' (T_STRING), expecting variable (T_VARIABLE) in /Users/maquilador8/var/www/ficmi_gumbo/includes/db/the_query_master.class.php on line 8
[30-Apr-2014 18:38:18 Europe/Berlin] PHP Fatal error:  Call to private query_master::__construct() from invalid context in /Users/maquilador8/var/www/ficmi_gumbo/view/contactos.php on line 71
[30-Apr-2014 18:48:22 Europe/Berlin] PHP Parse error:  syntax error, unexpected ',' in /Users/maquilador8/var/www/ficmi_gumbo/includes/db/the_query_master.class.php on line 22
[30-Apr-2014 18:48:55 Europe/Berlin] PHP Parse error:  syntax error, unexpected ',' in /Users/maquilador8/var/www/ficmi_gumbo/includes/db/the_query_master.class.php on line 22
[30-Apr-2014 18:59:39 Europe/Berlin] PHP Parse error:  syntax error, unexpected '::' (T_PAAMAYIM_NEKUDOTAYIM) in /Users/maquilador8/var/www/ficmi_gumbo/includes/db/the_query_master.class.php on line 38
[30-Apr-2014 19:00:22 Europe/Berlin] PHP Warning:  Uncaught exception 'ErrorException' with message 'Undefined variable: pdo_con' in /Users/maquilador8/var/www/ficmi_gumbo/includes/db/the_query_master.class.php:38
Stack trace:
#0 /Users/maquilador8/var/www/ficmi_gumbo/includes/db/the_query_master.class.php(38): Slim\Slim::handleErrors(8, 'Undefined varia...', '/Users/maquilad...', 38, Array)
#1 /Users/maquilador8/var/www/ficmi_gumbo/view/contactos.php(72): query_master->insert('gb_contacts', Array, Array)
#2 /Users/maquilador8/var/www/ficmi_gumbo/includes/routes/routes.php(34): include('/Users/maquilad...')
#3 [internal function]: {closure}()
#4 /Users/maquilador8/var/www/ficmi_gumbo/includes/vendor/slim/slim/Slim/Route.php(462): call_user_func_array(Object(Closure), Array)
#5 /Users/maquilador8/var/www/ficmi_gumbo/includes/vendor/slim/slim/Slim/Slim.php(1326): Slim\Route->dispatch()
#6 /Users/maquilador8/var/www/ficmi_gumbo/includes/vendor/slim/slim/Slim/Middleware/Flash.php(85): Slim\Slim->call()
#7 /Users/maquilador8/var/www/ficmi_gumbo/includes/vendor/sli in /Users/maquilador8/var/www/ficmi_gumbo/includes/db/the_query_master.class.php on line 38
[30-Apr-2014 19:00:22 Europe/Berlin] PHP Fatal error:  Cannot access empty property in /Users/maquilador8/var/www/ficmi_gumbo/includes/db/the_query_master.class.php on line 38
[30-Apr-2014 19:00:49 Europe/Berlin] PHP Fatal error:  Call to a member function prepare() on a non-object in /Users/maquilador8/var/www/ficmi_gumbo/includes/db/the_query_master.class.php on line 38
[30-Apr-2014 20:50:51 Europe/Berlin] PHP Fatal error:  Call to undefined function addColumn() in /Users/maquilador8/var/www/ficmi_gumbo/view/contactos.php on line 94
[30-Apr-2014 20:51:42 Europe/Berlin] PHP Fatal error:  Call to undefined function addColumn() in /Users/maquilador8/var/www/ficmi_gumbo/view/contactos.php on line 98
[30-Apr-2014 20:51:46 Europe/Berlin] PHP Fatal error:  Call to undefined function addColumn() in /Users/maquilador8/var/www/ficmi_gumbo/view/contactos.php on line 98
[30-Apr-2014 21:11:48 Europe/Berlin] PHP Parse error:  syntax error, unexpected '' (T_ENCAPSED_AND_WHITESPACE), expecting identifier (T_STRING) or variable (T_VARIABLE) or number (T_NUM_STRING) in /Users/maquilador8/var/www/ficmi_gumbo/view/contactos.php on line 111
[30-Apr-2014 21:12:24 Europe/Berlin] PHP Parse error:  syntax error, unexpected '' (T_ENCAPSED_AND_WHITESPACE), expecting identifier (T_STRING) or variable (T_VARIABLE) or number (T_NUM_STRING) in /Users/maquilador8/var/www/ficmi_gumbo/view/contactos.php on line 111
[30-Apr-2014 21:12:30 Europe/Berlin] PHP Parse error:  syntax error, unexpected '' (T_ENCAPSED_AND_WHITESPACE), expecting identifier (T_STRING) or variable (T_VARIABLE) or number (T_NUM_STRING) in /Users/maquilador8/var/www/ficmi_gumbo/view/contactos.php on line 111
[30-Apr-2014 21:14:48 Europe/Berlin] PHP Parse error:  syntax error, unexpected ',' in /Users/maquilador8/var/www/ficmi_gumbo/view/contactos.php on line 112
[30-Apr-2014 21:17:23 Europe/Berlin] PHP Parse error:  syntax error, unexpected '' (T_ENCAPSED_AND_WHITESPACE), expecting identifier (T_STRING) or variable (T_VARIABLE) or number (T_NUM_STRING) in /Users/maquilador8/var/www/ficmi_gumbo/view/contactos.php on line 114
[30-Apr-2014 21:17:35 Europe/Berlin] PHP Parse error:  syntax error, unexpected '' (T_ENCAPSED_AND_WHITESPACE), expecting identifier (T_STRING) or variable (T_VARIABLE) or number (T_NUM_STRING) in /Users/maquilador8/var/www/ficmi_gumbo/view/contactos.php on line 114
[30-Apr-2014 21:17:37 Europe/Berlin] PHP Parse error:  syntax error, unexpected '' (T_ENCAPSED_AND_WHITESPACE), expecting identifier (T_STRING) or variable (T_VARIABLE) or number (T_NUM_STRING) in /Users/maquilador8/var/www/ficmi_gumbo/view/contactos.php on line 114
[30-Apr-2014 21:47:20 Europe/Berlin] PHP Fatal error:  Call to undefined method query_master::removeColumn() in /Users/maquilador8/var/www/ficmi_gumbo/view/contactos.php on line 110
[30-Apr-2014 23:22:15 Europe/Berlin] PHP Parse error:  syntax error, unexpected '"' in /Users/maquilador8/var/www/ficmi_gumbo/view/contactos.php on line 107
[01-May-2014 00:05:43 Europe/Berlin] PHP Parse error:  syntax error, unexpected '', '' (T_CONSTANT_ENCAPSED_STRING) in /Users/maquilador8/var/www/ficmi_gumbo/includes/db/the_query_master.class.php on line 70
[01-May-2014 00:49:08 Europe/Berlin] PHP Parse error:  syntax error, unexpected 'foreach' (T_FOREACH), expecting ',' or ';' in /Users/maquilador8/var/www/ficmi_gumbo/view/contactos.php on line 68
[01-May-2014 02:40:03 Europe/Berlin] PHP Parse error:  syntax error, unexpected 'unset' (T_UNSET) in /Users/maquilador8/var/www/ficmi_gumbo/view/contactos.php on line 129
[01-May-2014 02:40:29 Europe/Berlin] PHP Parse error:  syntax error, unexpected '$array_values' (T_VARIABLE), expecting ';' in /Users/maquilador8/var/www/ficmi_gumbo/view/contactos.php on line 129
[01-May-2014 02:41:58 Europe/Berlin] PHP Parse error:  syntax error, unexpected 'file_put_contents' (T_STRING), expecting ';' in /Users/maquilador8/var/www/ficmi_gumbo/view/contactos.php on line 131
[02-May-2014 17:46:33 Europe/Berlin] PHP Notice:  Undefined variable: dbcon_object in /Users/maquilador8/var/www/ficmi_gumbo/includes/db/conn_header.php on line 5
[02-May-2014 17:46:33 Europe/Berlin] PHP Notice:  Trying to get property of non-object in /Users/maquilador8/var/www/ficmi_gumbo/includes/db/conn_header.php on line 5
[02-May-2014 17:46:33 Europe/Berlin] PHP Notice:  Undefined variable: dbcon_object in /Users/maquilador8/var/www/ficmi_gumbo/includes/db/conn_header.php on line 5
[02-May-2014 17:46:33 Europe/Berlin] PHP Notice:  Trying to get property of non-object in /Users/maquilador8/var/www/ficmi_gumbo/includes/db/conn_header.php on line 5
[02-May-2014 17:46:33 Europe/Berlin] PHP Notice:  Undefined variable: dbcon_object in /Users/maquilador8/var/www/ficmi_gumbo/includes/db/conn_header.php on line 5
[02-May-2014 17:46:33 Europe/Berlin] PHP Notice:  Trying to get property of non-object in /Users/maquilador8/var/www/ficmi_gumbo/includes/db/conn_header.php on line 5
[02-May-2014 17:46:33 Europe/Berlin] PHP Notice:  Undefined variable: dbcon_object in /Users/maquilador8/var/www/ficmi_gumbo/includes/db/conn_header.php on line 5
[02-May-2014 17:46:33 Europe/Berlin] PHP Notice:  Trying to get property of non-object in /Users/maquilador8/var/www/ficmi_gumbo/includes/db/conn_header.php on line 5
[02-May-2014 17:46:33 Europe/Berlin] PHP Notice:  Undefined variable: dbcon_object in /Users/maquilador8/var/www/ficmi_gumbo/includes/db/conn_header.php on line 5
[02-May-2014 17:46:33 Europe/Berlin] PHP Notice:  Trying to get property of non-object in /Users/maquilador8/var/www/ficmi_gumbo/includes/db/conn_header.php on line 5
[02-May-2014 17:46:33 Europe/Berlin] PHP Notice:  Undefined variable: con in /Users/maquilador8/var/www/ficmi_gumbo/includes/session/session_header.php on line 9
[02-May-2014 17:46:33 Europe/Berlin] PHP Notice:  Use of undefined constant ROUTER - assumed 'ROUTER' in /Users/maquilador8/var/www/ficmi_gumbo/index.php on line 3
[02-May-2014 17:46:33 Europe/Berlin] PHP Warning:  include_once(ROUTER) [<a href='0function.include-once0'>function.include-once0</a>]: failed to open stream: No such file or directory in /Users/maquilador8/var/www/ficmi_gumbo/index.php on line 3
[02-May-2014 17:46:33 Europe/Berlin] PHP Warning:  include_once() [<a href='0function.include0'>function.include0</a>]: Failed opening 'ROUTER' for inclusion (include_path='.:/Applications/MAMP/bin/php/php5.5.3/lib/php') in /Users/maquilador8/var/www/ficmi_gumbo/index.php on line 3
[02-May-2014 17:51:40 Europe/Berlin] PHP Notice:  Undefined variable: dbcon_object in /Users/maquilador8/var/www/ficmi_gumbo/includes/db/conn_header.php on line 5
[02-May-2014 17:51:40 Europe/Berlin] PHP Notice:  Trying to get property of non-object in /Users/maquilador8/var/www/ficmi_gumbo/includes/db/conn_header.php on line 5
[02-May-2014 17:51:40 Europe/Berlin] PHP Notice:  Undefined variable: dbcon_object in /Users/maquilador8/var/www/ficmi_gumbo/includes/db/conn_header.php on line 5
[02-May-2014 17:51:40 Europe/Berlin] PHP Notice:  Trying to get property of non-object in /Users/maquilador8/var/www/ficmi_gumbo/includes/db/conn_header.php on line 5
[02-May-2014 17:51:40 Europe/Berlin] PHP Notice:  Undefined variable: dbcon_object in /Users/maquilador8/var/www/ficmi_gumbo/includes/db/conn_header.php on line 5
[02-May-2014 17:51:40 Europe/Berlin] PHP Notice:  Trying to get property of non-object in /Users/maquilador8/var/www/ficmi_gumbo/includes/db/conn_header.php on line 5
[02-May-2014 17:51:40 Europe/Berlin] PHP Notice:  Undefined variable: dbcon_object in /Users/maquilador8/var/www/ficmi_gumbo/includes/db/conn_header.php on line 5
[02-May-2014 17:51:40 Europe/Berlin] PHP Notice:  Trying to get property of non-object in /Users/maquilador8/var/www/ficmi_gumbo/includes/db/conn_header.php on line 5
[02-May-2014 17:51:40 Europe/Berlin] PHP Notice:  Undefined variable: dbcon_object in /Users/maquilador8/var/www/ficmi_gumbo/includes/db/conn_header.php on line 5
[02-May-2014 17:51:40 Europe/Berlin] PHP Notice:  Trying to get property of non-object in /Users/maquilador8/var/www/ficmi_gumbo/includes/db/conn_header.php on line 5
[02-May-2014 17:51:40 Europe/Berlin] PHP Notice:  Undefined variable: con in /Users/maquilador8/var/www/ficmi_gumbo/includes/session/session_header.php on line 5
[02-May-2014 18:32:15 Europe/Berlin] PHP Fatal error:  Cannot access protected property Mustache_Exception_RuntimeException::$message in /Users/maquilador8/var/www/ficmi_gumbo/includes/core/loader.inc.php on line 12
[02-May-2014 18:52:04 Europe/Berlin] PHP Fatal error:  Call to a member function render() on a non-object in /Users/maquilador8/var/www/ficmi_gumbo/view/contactos.php on line 35
[02-May-2014 18:55:58 Europe/Berlin] PHP Fatal error:  Class 'tableController' not found in /Users/maquilador8/var/www/ficmi_gumbo/includes/routes/routes.php on line 34
[02-May-2014 21:59:14 Europe/Berlin] PHP Parse error:  syntax error, unexpected ';' in /Users/maquilador8/var/www/ficmi_gumbo/includes/routes/routes.php on line 28
[05-May-2014 04:05:13 Europe/Berlin] PHP Fatal error:  Call to a member function render() on a non-object in /Applications/MAMP/htdocs/ficmi_gumbo/includes/routes/routes.php on line 36
[05-May-2014 08:36:36 Europe/Berlin] PHP Fatal error:  Call to undefined function getKeys() in /Applications/MAMP/htdocs/ficmi_gumbo/includes/tables/tableController.class.php on line 128
[05-May-2014 09:18:49 Europe/Berlin] PHP Fatal error:  Call to undefined method Mustache_Engine::load() in /Applications/MAMP/htdocs/ficmi_gumbo/includes/tables/tableController.class.php on line 148
[05-May-2014 09:36:20 Europe/Berlin] PHP Parse error:  syntax error, unexpected 'echo' (T_ECHO) in /Applications/MAMP/htdocs/ficmi_gumbo/includes/tables/tableController.class.php on line 155
[05-May-2014 16:17:23 Europe/Berlin] PHP Parse error:  syntax error, unexpected '{' in /Users/maquilador8/var/www/ficmi_gumbo/includes/tables/tableController.class.php on line 142
[05-May-2014 16:18:02 Europe/Berlin] PHP Fatal error:  Call to undefined method Mustache_Engine::loadTemplates() in /Users/maquilador8/var/www/ficmi_gumbo/includes/tables/tableController.class.php on line 143
[05-May-2014 16:55:43 Europe/Berlin] PHP Parse error:  syntax error, unexpected 'file_put_contents' (T_STRING) in /Users/maquilador8/var/www/ficmi_gumbo/includes/tables/tableController.class.php on line 139
[06-May-2014 19:15:19 Europe/Berlin] PHP Fatal error:  Class declarations may not be nested in /Users/maquilador8/var/www/ficmi_gumbo/includes/tables/tableController.class.php on line 169
[06-May-2014 19:16:08 Europe/Berlin] PHP Parse error:  syntax error, unexpected 'class' (T_CLASS), expecting function (T_FUNCTION) in /Users/maquilador8/var/www/ficmi_gumbo/includes/tables/tableController.class.php on line 153
