1398392573
Error: This is an error 
Caused by: Loading error

1398795881
Error: You are not authorized to see this page, please log in 
Caused by: Login

1398795945
Error: You are not authorized to see this page, please log in 
Caused by: Login

1398795946
Error: You are not authorized to see this page, please log in 
Caused by: Login

1398795948
Error: You are not authorized to see this page, please log in 
Caused by: Login

1398795948
Error: You are not authorized to see this page, please log in 
Caused by: Login

1398795948
Error: You are not authorized to see this page, please log in 
Caused by: Login

1398798377
Error: Successfully created new user 
Caused by: Success

1398799090
Error: The username or password don't match 
Caused by: Login attempt

1398799234
Error: The username is not valid 
Caused by: Login attempt error

1398799264
Error: The username or password don't match 
Caused by: Login attempt error

1398799270
Error: The username or password don't match 
Caused by: Login attempt error

1398799389
Error: The username or password don't match 
Caused by: Login attempt error

1398799451
Error: The username or password don't match 
Caused by: Login attempt error

1398799540
Error: Successfully created new user 
Caused by: Success

1398799571
Error: Welcome 
Caused by: Login attempt success

1398799628
Error: You are not authorized to see this page, please log in 
Caused by: Login

1398799628
Error: You are not authorized to see this page, please log in 
Caused by: Login

1398799948
Error: You are not authorized to see this page, please log in 
Caused by: Login

1398799949
Error: You are not authorized to see this page, please log in 
Caused by: Login

1398799951
Error: You are not authorized to see this page, please log in 
Caused by: Login

1398800022
Error: Welcome 
Caused by: Login attempt success

1398800071
Error: Welcome 
Caused by: Login attempt success

1398800201
Error: Welcome 
Caused by: Login attempt success

1398800250
Error: Welcome 
Caused by: Login attempt success

1398800293
Error: Welcome 
Caused by: Login attempt success

1398800293
Error: You are not authorized to see this page, please log in 
Caused by: Login

1398800353
Error: You are not authorized to see this page, please log in 
Caused by: Login

1398800355
Error: You are not authorized to see this page, please log in 
Caused by: Login

1398800379
Error: You are not authorized to see this page, please log in 
Caused by: Login

1398800401
Error: You are not authorized to see this page, please log in 
Caused by: Login

1398805479
Error: Welcome 
Caused by: Login attempt success

1398809329
Error: Error executing query 
Caused by: Table population

1398809638
Error: Error executing query, response: You have an error in your SQL syntax; check the manual that corresponds to your MySQL server version for the right syntax to use near '? LIMIT 15 OFFSET ?' at line 1 
Caused by: Table population

1398809659
Error: Error executing query, response: You have an error in your SQL syntax; check the manual that corresponds to your MySQL server version for the right syntax to use near '? LIMIT 15' at line 1 
Caused by: Table population

1398810124
Error: Error executing query, response: You have an error in your SQL syntax; check the manual that corresponds to your MySQL server version for the right syntax to use near '? LIMIT 15 OFFSET ?' at line 1 
Caused by: Table population

1398810161
Error: Error executing query, response: You have an error in your SQL syntax; check the manual that corresponds to your MySQL server version for the right syntax to use near '? LIMIT 1' at line 1 
Caused by: Table population

1398810227
Error: Error executing query, response: You have an error in your SQL syntax; check the manual that corresponds to your MySQL server version for the right syntax to use near '? LIMIT 15 OFFSET ?' at line 1 
Caused by: Table population

1398810505
Error: Error executing query, response: You have an error in your SQL syntax; check the manual that corresponds to your MySQL server version for the right syntax to use near '? LIMIT 15' at line 1 
Caused by: Table population

1398830394
Error: Error executing query, response: Table 'gumbo_db.gb_contacts' doesn't exist 
Caused by: Table population

1398836504
Error: There was a problem executing the query 
Caused by: Insert error

1398836504
Error: Successfully created new user 
Caused by: Success

1398836520
Error: There was a problem executing the query 
Caused by: Insert error

1398836520
Error: Successfully created new user 
Caused by: Success

1398836641
Error: There was a problem executing the query 
Caused by: Insert error

1398836641
Error: Successfully created new user 
Caused by: Success

1398836662
Error: There was a problem executing the query 
Caused by: Insert error

1398836662
Error: Successfully created new user 
Caused by: Success

1398836987
Error: There was a problem executing the query 
Caused by: Insert error

1398836987
Error: Successfully created new user 
Caused by: Success

1398837092
Error: Successfully created new user 
Caused by: Success

1398838344
Error: Error executing query 
Caused by: Table population

1398869861
Error: Error executing query 
Caused by: Table population

1398877301
Error: There was a problem executing the query 
Caused by: Insert error

1398877372
Error: There was a problem executing the query 
Caused by: Insert error

1398877437
Error: There was a problem executing the query 
Caused by: Insert error

1398877509
Error: There was a problem executing the query 
Caused by: Insert error

1398877657
Error: There was a problem executing the query 
Caused by: Insert error

1398877755
Error: There was a problem executing the query 
Caused by: Insert error

1398878491
Error: The number of arguments does not match the number of values given 
Caused by: Table Insert

1398878673
Error: The number of arguments does not match the number of values given 
Caused by: Table Insert

1398878726
Error: The number of arguments does not match the number of values given 
Caused by: Table Insert

1398878740
Error: The number of arguments does not match the number of values given 
Caused by: Table Insert

1398878762
Error: The number of arguments does not match the number of values given 
Caused by: Table Insert

1398878940
Error: There was a problem executing the query 
Caused by: Insert error

1398879015
Error: There was a problem executing the query 
Caused by: Insert error

1398879053
Error: Successfully inserted new row 
Caused by: Success

1398879445
Error: Successfully inserted new row 
Caused by: Success

1398879913
Error: Successfully inserted new row 
Caused by: Success

1398879946
Error: Successfully inserted new row 
Caused by: Success

1398880103
Error: Successfully inserted new row 
Caused by: Success

1398880203
Error: There was a problem executing the query 
Caused by: Insert error

1398880236
Error: Successfully inserted new row 
Caused by: Success

1398880285
Error: Successfully inserted new row 
Caused by: Success

1398880346
Error: Successfully inserted new row 
Caused by: Success

1398880436
Error: There was a problem executing the query 
Caused by: Insert error

1398880456
Error: Successfully inserted new row 
Caused by: Success

1398880482
Error: Successfully inserted new row 
Caused by: Success

1398880576
Error: Successfully inserted new row 
Caused by: Success

1398880594
Error: Successfully inserted new row 
Caused by: Success

1398880633
Error: Successfully inserted new row 
Caused by: Success

1398880769
Error: Successfully inserted new row 
Caused by: Success

1398880841
Error: Successfully inserted new row 
Caused by: Success

1398880889
Error: Successfully inserted new row 
Caused by: Success

1398880973
Error: Successfully inserted new row 
Caused by: Success

1398881038
Error: Successfully inserted new row 
Caused by: Success

1398881071
Error: Successfully inserted new row 
Caused by: Success

1398881078
Error: Successfully inserted new row 
Caused by: Success

1398881228
Error: Successfully inserted new row 
Caused by: Success

1398882637
Error: Successfully inserted new row 
Caused by: Success

1398882665
Error: Successfully inserted new row 
Caused by: Success

1398882715
Error: Successfully inserted new row 
Caused by: Success

1398882774
Error: Successfully inserted new row 
Caused by: Success

1398882852
Error: Successfully inserted new row 
Caused by: Success

1398882862
Error: Successfully inserted new row 
Caused by: Success

1398882904
Error: Successfully inserted new row 
Caused by: Success

1398882973
Error: Successfully inserted new row 
Caused by: Success

1398882986
Error: Successfully inserted new row 
Caused by: Success

1398883002
Error: Successfully inserted new row 
Caused by: Success

1398883015
Error: Successfully inserted new row 
Caused by: Success

1398883033
Error: Successfully inserted new row 
Caused by: Success

1398883107
Error: Successfully inserted new row 
Caused by: Success

1398883122
Error: Successfully inserted new row 
Caused by: Success

1398883138
Error: Successfully inserted new row 
Caused by: Success

1398883152
Error: Successfully inserted new row 
Caused by: Success

1398883216
Error: Successfully inserted new row 
Caused by: Success

1398883232
Error: Successfully inserted new row 
Caused by: Success

1398883918
Error: Successfully inserted new column 
Caused by: Success

1398883963
Error: Couldn't add column 
Caused by: Alter error

1398883995
Error: Couldn't add column 
Caused by: Alter error

1398884419
Error: Couldn't add column 
Caused by: Alter error

1398884993
Error: Successfully inserted new column 
Caused by: Success

1398885310
Error: Successfully inserted new column 
Caused by: Success

1398885392
Error: Couldn't add column 
Caused by: Alter error

1398885416
Error: Couldn't add column 
Caused by: Alter error

1398885479
Error: Couldn't add column 
Caused by: Alter error

1398885488
Error: Successfully inserted new column 
Caused by: Success

1398885506
Error: Couldn't add column 
Caused by: Alter error

1398885533
Error: Successfully inserted new column 
Caused by: Success

1398887890
Error: Successfully inserted new column 
Caused by: Success

1398887924
Error: Successfully inserted new column 
Caused by: Success

1398887942
Error: Couldn't remove column 
Caused by: Alter error

1398887973
Error: Successfully inserted new column 
Caused by: Success

1398888002
Error: Successfully removed new column 
Caused by: Success

1398888063
Error: Successfully inserted new column 
Caused by: Success

1398888116
Error: Successfully removed new column 
Caused by: Success

1398888137
Error: Successfully inserted new row 
Caused by: Success

1398888173
Error: Successfully inserted new row 
Caused by: Success

1398889269
Error: Successfully inserted new column 
Caused by: Success

1398889271
Error: Successfully removed new column 
Caused by: Success

1398891512
Error: Successfully inserted new row 
Caused by: Success

1398892954
Error: The number of arguments does not match the number of values given 
Caused by: Table Update

1398892971
Error: The number of arguments does not match the number of values given 
Caused by: Table Update

1398893090
Error: There was a problem executing the query 
Caused by: Insert error

1398893105
Error: There was a problem executing the query 
Caused by: Insert error

1398893779
Error: There was a problem executing the query 
Caused by: Insert error

1398893795
Error: There was a problem executing the query 
Caused by: Insert error

1398893883
Error: There was a problem executing the query 
Caused by: Insert error

1398894035
Error: There was a problem executing the query 
Caused by: Update error

1398894294
Error: There was a problem executing the query 
Caused by: Update error

1398894346
Error: There was a problem executing the query 
Caused by: Update error

1398894367
Error: There was a problem executing the query 
Caused by: Update error

1398894423
Error: There was a problem executing the query 
Caused by: Update error

1398894722
Error: There was a problem executing the query 
Caused by: Update error

1398894768
Error: There was a problem executing the query 
Caused by: Update error

1398894850
Error: There was a problem executing the query 
Caused by: Update error

1398894883
Error: There was a problem executing the query 
Caused by: Update error

1398894935
Error: There was a problem executing the query 
Caused by: Update error

1398894968
Error: There was a problem executing the query 
Caused by: Update error

1398894992
Error: There was a problem executing the query 
Caused by: Update error

1398895066
Error: There was a problem executing the query 
Caused by: Update error

1398895092
Error: There was a problem executing the query 
Caused by: Update error

1398895275
Error: There was a problem executing the query 
Caused by: Update error

1398895334
Error: There was a problem executing the query 
Caused by: Update error

1398895565
Error: Successfully updated row 
Caused by: Success

1398895580
Error: Successfully updated row 
Caused by: Success

1398901653
Error: The number of arguments does not match the number of values given 
Caused by: Table Insert

1398901697
Error: The number of arguments does not match the number of values given 
Caused by: Table Insert

1398901891
Error: There was a problem executing the query 
Caused by: Update error

1398901914
Error: There was a problem executing the query 
Caused by: Update error

1398901967
Error: There was a problem executing the query 
Caused by: Update error

1398902074
Error: There was a problem executing the query 
Caused by: Update error

1398902166
Error: There was a problem executing the query 
Caused by: Update error

1398902240
Error: There was a problem executing the query 
Caused by: Update error

1398902336
Error: The number of arguments does not match the number of values given 
Caused by: Table Insert

1398902497
Error: The number of arguments does not match the number of values given 
Caused by: Table Insert

1398902535
Error: The number of arguments does not match the number of values given 
Caused by: Table Insert

1398902597
Error: The number of arguments does not match the number of values given 
Caused by: Table Insert

1398902643
Error: Successfully updated row 
Caused by: Success

1398902769
Error: The number of arguments does not match the number of values given 
Caused by: Table Insert

1398902795
Error: The number of arguments does not match the number of values given 
Caused by: Table Insert

1398902843
Error: The number of arguments does not match the number of values given 
Caused by: Table Insert

1398902914
Error: The number of arguments does not match the number of values given 
Caused by: Table Insert

1398903020
Error: The number of arguments does not match the number of values given 
Caused by: Table Insert

1398903026
Error: The number of arguments does not match the number of values given 
Caused by: Table Insert

1398903041
Error: The number of arguments does not match the number of values given 
Caused by: Table Insert

1398903056
Error: The number of arguments does not match the number of values given 
Caused by: Table Insert

1398903102
Error: The number of arguments does not match the number of values given 
Caused by: Table Insert

1398903134
Error: The number of arguments does not match the number of values given 
Caused by: Table Insert

1398903318
Error: Successfully updated row 
Caused by: Success

1398903335
Error: The number of arguments does not match the number of values given 
Caused by: Table Insert

1398903351
Error: The number of arguments does not match the number of values given 
Caused by: Table Insert

1398903375
Error: The number of arguments does not match the number of values given 
Caused by: Table Insert

1398903417
Error: The number of arguments does not match the number of values given 
Caused by: Table Insert

1398903450
Error: Successfully updated row 
Caused by: Success

1398903764
Error: The number of arguments does not match the number of values given 
Caused by: Table Insert

1398903764
Error: There was a problem executing the query 
Caused by: Insert error

1398904516
Error: Successfully deleted selected row 
Caused by: Success

1398904636
Error: The number of arguments does not match the number of values given 
Caused by: Table Insert

1398904744
Error: The number of arguments does not match the number of values given 
Caused by: Table Insert

1398904964
Error: Successfully inserted new row 
Caused by: Success

1398904977
Error: Successfully updated row 
Caused by: Success

1398904988
Error: Successfully updated row 
Caused by: Success

1398905027
Error: Successfully inserted new row 
Caused by: Success

1398905033
Error: Successfully deleted selected row 
Caused by: Success

1398905077
Error: Successfully inserted new row 
Caused by: Success

1398905132
Error: Successfully deleted selected row 
Caused by: Success

1398905170
Error: Successfully inserted new row 
Caused by: Success

1398905205
Error: Couldn't delete row 
Caused by: Delete error

1398905212
Error: Couldn't delete row 
Caused by: Delete error

1398905264
Error: Successfully deleted selected row 
Caused by: Success

1398905277
Error: Successfully inserted new row 
Caused by: Success

1398905296
Error: Successfully inserted new row 
Caused by: Success

1398905310
Error: Successfully updated row 
Caused by: Success

1398905321
Error: Successfully deleted selected row 
Caused by: Success

1398905344
Error: Successfully inserted new row 
Caused by: Success

1398905780
Error: Successfully inserted new row 
Caused by: Success

1398905795
Error: Successfully updated row 
Caused by: Success

1398905857
Error: Successfully updated row 
Caused by: Success

1398905912
Error: Successfully deleted selected row 
Caused by: Success

1398905938
Error: Successfully inserted new column 
Caused by: Success

1398905982
Error: Successfully removed new column 
Caused by: Success

1399255513
Error: Error executing query 
Caused by: Table population

